<?xml version="1.0" encoding="utf-8"?><testsuites name="pytest tests"><testsuite name="pytest" errors="0" failures="0" skipped="0" tests="161" time="2.560" timestamp="2026-08-15T16:26:54.388883+08:00" hostname="lacls.local"><testcase classname="dashboard.tests.test_presentation" name="test_maintenance_recommendation_returns_actionable_band_guidance[high-high-Prioritise simulated AHU inspection-Inspect the filter]" time="0.001" /><testcase classname="dashboard.tests.test_presentation" name="test_maintenance_recommendation_returns_actionable_band_guidance[medium-medium-Schedule a simulated condition inspection-Inspect filter loading]" time="0.000" /><testcase classname="dashboard.tests.test_presentation" name="test_maintenance_recommendation_returns_actionable_band_guidance[low-low-Continue simulated monitoring-No maintenance action is generated]" time="0.000" /><testcase classname="dashboard.tests.test_presentation" name="test_maintenance_recommendation_never_treats_non_predictions_as_low_risk[out_of_distribution-outside the model training domain]" time="0.000" /><testcase classname="dashboard.tests.test_presentation" name="test_maintenance_recommendation_never_treats_non_predictions_as_low_risk[abstained-could not be scored safely]" time="0.000" /><testcase classname="dashboard.tests.test_presentation" name="test_maintenance_recommendation_never_treats_non_predictions_as_low_risk[unavailable-model is unavailable]" time="0.000" /><testcase classname="dashboard.tests.test_presentation" name="test_maintenance_recommendation_never_treats_non_predictions_as_low_risk[unexpected-must not be interpreted as low risk]" time="0.000" /><testcase classname="dashboard.tests.test_presentation" name="test_maintenance_recommendation_never_treats_non_predictions_as_low_risk[None-must not be interpreted as low risk]" time="0.000" /><testcase classname="dashboard.tests.test_presentation" name="test_maintenance_recommendation_uses_telemetry_fallback_for_missing_drivers" time="0.000" /><testcase classname="dashboard.tests.test_presentation" name="test_comfort_status_describes_telemetry_capacity_and_temperature_states[None-24.0-1.0-Waiting for telemetry-No confirmed temperature/setpoint pair]" time="0.000" /><testcase classname="dashboard.tests.test_presentation" name="test_comfort_status_describes_telemetry_capacity_and_temperature_states[25.0-24.0-0.6-Capacity constrained-+1.0 \xb0C above target]" time="0.000" /><testcase classname="dashboard.tests.test_presentation" name="test_comfort_status_describes_telemetry_capacity_and_temperature_states[25.1-24.0-1.0-Comfort attention-+1.1 \xb0C above target]" time="0.000" /><testcase classname="dashboard.tests.test_presentation" name="test_comfort_status_describes_telemetry_capacity_and_temperature_states[22.9-24.0-1.0-Below target-1.1 \xb0C below target]" time="0.000" /><testcase classname="dashboard.tests.test_presentation" name="test_comfort_status_describes_telemetry_capacity_and_temperature_states[24.5-24.0-1.0-Comfort on track-0.5 \xb0C from target]" time="0.000" /><testcase classname="dashboard.tests.test_presentation" name="test_data_freshness_distinguishes_missing_invalid_fresh_and_stale_timestamps" time="0.000" /><testcase classname="dashboard.tests.test_presentation" name="test_data_freshness_treats_future_telemetry_as_current_and_handles_naive_now" time="0.000" /><testcase classname="dashboard.tests.test_presentation" name="test_allocation_explanation_handles_waiting_sufficient_and_invalid_decisions" time="0.000" /><testcase classname="dashboard.tests.test_presentation" name="test_allocation_explanation_identifies_prioritized_and_limited_rooms" time="0.001" /><testcase classname="dashboard.tests.test_presentation" name="test_allocation_explanation_handles_all_limited_and_fully_distributed_capacity" time="0.000" /><testcase classname="dashboard.tests.test_presentation" name="test_illustrative_roi_returns_transparent_calculation_breakdown" time="0.000" /><testcase classname="dashboard.tests.test_presentation" name="test_illustrative_roi_clamps_negative_and_out_of_range_business_inputs" time="0.000" /><testcase classname="dashboard.tests.test_presentation" name="test_illustrative_roi_rejects_non_finite_or_non_numeric_inputs[100]" time="0.000" /><testcase classname="dashboard.tests.test_presentation" name="test_illustrative_roi_rejects_non_finite_or_non_numeric_inputs[None]" time="0.000" /><testcase classname="dashboard.tests.test_presentation" name="test_illustrative_roi_rejects_non_finite_or_non_numeric_inputs[nan]" time="0.000" /><testcase classname="dashboard.tests.test_presentation" name="test_illustrative_roi_rejects_non_finite_or_non_numeric_inputs[inf]" time="0.000" /><testcase classname="dashboard.tests.test_presentation" name="test_illustrative_roi_rejects_non_finite_or_non_numeric_inputs[-inf]" time="0.000" /><testcase classname="dashboard.tests.test_presentation" name="test_demand_forecast_summary_and_policy_badge" time="0.000" /><testcase classname="dashboard.tests.test_telemetry" name="test_decode_payload_accepts_objects_and_rejects_malformed_or_non_objects" time="0.000" /><testcase classname="dashboard.tests.test_telemetry" name="test_apply_message_stores_room_telemetry_state_and_plain_status" time="0.000" /><testcase classname="dashboard.tests.test_telemetry" name="test_sensor_history_is_bounded_and_invalid_values_do_not_replace_data" time="0.000" /><testcase classname="dashboard.tests.test_telemetry" name="test_apply_message_stores_ahu_ecosystem_and_risk_history" time="0.000" /><testcase classname="dashboard.tests.test_telemetry" name="test_unknown_or_malformed_messages_leave_store_unchanged" time="0.000" /><testcase classname="dashboard.tests.test_telemetry" name="test_snapshot_is_detached_and_excludes_lock" time="0.000" /><testcase classname="dashboard.tests.test_telemetry" name="test_new_command_and_result_correlation_support_mapping_or_encoded_result" time="0.000" /><testcase classname="dashboard.tests.test_telemetry" name="test_new_command_generates_unique_ids_and_validates_metadata" time="0.000" /><testcase classname="dashboard.tests.test_telemetry" name="test_command_results_are_retained_in_order_with_monotonic_count" time="0.000" /><testcase classname="dashboard.tests.test_telemetry" name="test_reconcile_pending_commands_matches_batch_results_without_mutating_inputs" time="0.000" /><testcase classname="dashboard.tests.test_telemetry" name="test_transport_state_is_independent_from_simulator_status" time="0.000" /><testcase classname="dashboard.tests.test_telemetry" name="test_new_store_can_preserve_distinct_sensor_history_limits" time="0.000" /><testcase classname="dashboard.tests.test_telemetry" name="test_apply_message_stores_intelligence_and_knowledge" time="0.000" /><testcase classname="simulator.tests.test_ahu" name="test_filter_clog_reduces_available_airflow" time="0.000" /><testcase classname="simulator.tests.test_ahu" name="test_more_supply_air_delivers_more_cooling" time="0.000" /><testcase classname="simulator.tests.test_ahu" name="test_supply_air_cools_a_hot_room_more_than_no_airflow" time="0.000" /><testcase classname="simulator.tests.test_ahu" name="test_ahu_energy_integrates_over_simulated_time" time="0.000" /><testcase classname="simulator.tests.test_ahu" name="test_energy_fields_share_an_explicit_electrical_basis" time="0.000" /><testcase classname="simulator.tests.test_audit" name="test_append_persists_canonical_hash_chain_across_reopen" time="0.060" /><testcase classname="simulator.tests.test_audit" name="test_same_event_material_produces_same_hash" time="0.012" /><testcase classname="simulator.tests.test_audit" name="test_verification_reports_first_tampered_row[UPDATE audit_entries SET payload_json = '{&quot;accepted&quot;:false}' WHERE sequence = 1-entry_hash_mismatch]" time="0.008" /><testcase classname="simulator.tests.test_audit" name="test_verification_reports_first_tampered_row[UPDATE audit_entries SET previous_hash = 'broken' WHERE sequence = 2-previous_hash_mismatch]" time="0.007" /><testcase classname="simulator.tests.test_audit" name="test_verification_reports_first_tampered_row[DELETE FROM audit_entries WHERE sequence = 1-sequence_gap]" time="0.012" /><testcase classname="simulator.tests.test_audit" name="test_verification_detects_deleted_tail_through_chain_head" time="0.005" /><testcase classname="simulator.tests.test_audit" name="test_invalid_payload_is_rejected_without_partial_append" time="0.007" /><testcase classname="simulator.tests.test_coordinator" name="test_occupied_room_is_prioritized_when_capacity_is_constrained" time="0.000" /><testcase classname="simulator.tests.test_coordinator" name="test_hotter_occupied_room_wins_before_debt_recovery" time="0.000" /><testcase classname="simulator.tests.test_coordinator" name="test_symmetric_contention_deterministically_avoids_persistent_starvation" time="0.001" /><testcase classname="simulator.tests.test_coordinator" name="test_full_requests_are_granted_without_contention" time="0.001" /><testcase classname="simulator.tests.test_coordinator" name="test_disabled_room_receives_no_airflow" time="0.001" /><testcase classname="simulator.tests.test_coordinator" name="test_comfort_debt_breaks_equal_room_tie_without_breaking_capacity" time="0.000" /><testcase classname="simulator.tests.test_coordinator" name="test_comfort_debt_accumulates_is_bounded_and_recovers" time="0.000" /><testcase classname="simulator.tests.test_coordinator" name="test_nonfinite_coordinator_input_is_rejected" time="0.000" /><testcase classname="simulator.tests.test_ecosystem" name="test_tick_advances_two_rooms_with_one_shared_ahu" time="0.005" /><testcase classname="simulator.tests.test_ecosystem" name="test_filter_clog_reduces_shared_capacity_after_injection" time="0.007" /><testcase classname="simulator.tests.test_ecosystem" name="test_energy_and_risk_are_part_of_each_snapshot" time="0.004" /><testcase classname="simulator.tests.test_ecosystem" name="test_mqtt_style_room_and_ahu_commands_are_routed" time="0.004" /><testcase classname="simulator.tests.test_ecosystem" name="test_command_result_correlates_strict_validation" time="0.011" /><testcase classname="simulator.tests.test_ecosystem" name="test_pause_resume_and_simulation_emergency_stop" time="0.007" /><testcase classname="simulator.tests.test_ecosystem" name="test_named_stress_scenario_is_atomic_and_exposed" time="0.005" /><testcase classname="simulator.tests.test_ecosystem" name="test_additional_classroom_scenarios" time="0.005" /><testcase classname="simulator.tests.test_ecosystem" name="test_action_execution_and_evaluation_lifecycle" time="0.063" /><testcase classname="simulator.tests.test_ecosystem" name="test_auto_action_mode_and_knowledge_commands" time="0.096" /><testcase classname="simulator.tests.test_ecosystem" name="test_shared_capacity_stress_is_atomic_and_deterministic" time="0.004" /><testcase classname="simulator.tests.test_ecosystem" name="test_baseline_scenario_fully_resets_dirty_runtime" time="0.019" /><testcase classname="simulator.tests.test_ecosystem" name="test_unknown_or_malformed_scenario_does_not_mutate_state" time="0.004" /><testcase classname="simulator.tests.test_ecosystem" name="test_comfort_debt_and_limited_service_evolve_longitudinally" time="0.008" /><testcase classname="simulator.tests.test_ecosystem" name="test_thermal_and_electrical_energy_reconcile_exactly" time="0.007" /><testcase classname="simulator.tests.test_ecosystem" name="test_paused_snapshot_zeroes_instantaneous_state_but_preserves_cumulative_values" time="0.005" /><testcase classname="simulator.tests.test_ecosystem" name="test_valid_unchanged_command_is_accepted_without_change" time="0.011" /><testcase classname="simulator.tests.test_ecosystem" name="test_non_finite_and_truncated_numeric_commands_are_rejected" time="0.012" /><testcase classname="simulator.tests.test_fan_health" name="test_synthetic_generator_is_reproducible_with_same_seed" time="0.010" /><testcase classname="simulator.tests.test_fan_health" name="test_default_dataset_model_and_metrics_reproduce_exactly" time="0.282" /><testcase classname="simulator.tests.test_fan_health" name="test_fan_model_has_expected_feature_schema" time="0.000" /><testcase classname="simulator.tests.test_fan_health" name="test_degraded_fan_has_more_risk_than_a_clean_low_load_fan" time="0.000" /><testcase classname="simulator.tests.test_fan_health" name="test_driver_contributions_are_ordered_descending" time="0.000" /><testcase classname="simulator.tests.test_fan_health" name="test_model_load_rejects_malformed_or_incompatible_artifacts[&lt;lambda&gt;-artifact type]" time="0.006" /><testcase classname="simulator.tests.test_fan_health" name="test_model_load_rejects_malformed_or_incompatible_artifacts[&lt;lambda&gt;-model version]" time="0.051" /><testcase classname="simulator.tests.test_fan_health" name="test_model_load_rejects_malformed_or_incompatible_artifacts[&lt;lambda&gt;-feature schema]" time="0.002" /><testcase classname="simulator.tests.test_fan_health" name="test_model_load_rejects_malformed_or_incompatible_artifacts[&lt;lambda&gt;-arrays]" time="0.001" /><testcase classname="simulator.tests.test_fan_health" name="test_model_load_rejects_malformed_or_incompatible_artifacts[&lt;lambda&gt;-scales must be positive]" time="0.003" /><testcase classname="simulator.tests.test_fan_health" name="test_model_load_rejects_malformed_or_incompatible_artifacts[&lt;lambda&gt;-finite number]" time="0.002" /><testcase classname="simulator.tests.test_fan_health" name="test_model_load_rejects_malformed_or_incompatible_artifacts[&lt;lambda&gt;-thresholds]" time="0.002" /><testcase classname="simulator.tests.test_fan_health" name="test_model_load_rejects_malformed_or_incompatible_artifacts[&lt;lambda&gt;-domain]" time="0.002" /><testcase classname="simulator.tests.test_fan_health" name="test_model_abstains_on_missing_nonnumeric_or_nonfinite_telemetry" time="0.000" /><testcase classname="simulator.tests.test_fan_health" name="test_model_abstains_and_labels_out_of_distribution_telemetry" time="0.000" /><testcase classname="simulator.tests.test_fan_health" name="test_model_treats_physically_impossible_negative_telemetry_as_ood[filter_clog_pct]" time="0.000" /><testcase classname="simulator.tests.test_fan_health" name="test_model_treats_physically_impossible_negative_telemetry_as_ood[fan_speed_pct]" time="0.000" /><testcase classname="simulator.tests.test_fan_health" name="test_model_treats_physically_impossible_negative_telemetry_as_ood[vibration_mm_s]" time="0.000" /><testcase classname="simulator.tests.test_fan_health" name="test_model_treats_physically_impossible_negative_telemetry_as_ood[bearing_temp_c]" time="0.000" /><testcase classname="simulator.tests.test_fan_health" name="test_model_treats_physically_impossible_negative_telemetry_as_ood[run_hours]" time="0.000" /><testcase classname="simulator.tests.test_fan_health" name="test_default_model_falls_back_to_unavailable_without_affecting_fan_control" time="0.001" /><testcase classname="simulator.tests.test_fan_health" name="test_training_emits_domain_metadata_and_expanded_metrics" time="0.003" /><testcase classname="simulator.tests.test_intelligence" name="test_forecast_room_demand_empty_room" time="0.007" /><testcase classname="simulator.tests.test_intelligence" name="test_forecast_room_demand_high_occupancy_surge" time="0.000" /><testcase classname="simulator.tests.test_intelligence" name="test_forecast_ecosystem_demand_deficit" time="0.000" /><testcase classname="simulator.tests.test_intelligence" name="test_generate_recommendations_fan_risk" time="0.000" /><testcase classname="simulator.tests.test_intelligence" name="test_generate_recommendations_filter_clog" time="0.000" /><testcase classname="simulator.tests.test_intelligence" name="test_generate_recommendations_precool" time="0.000" /><testcase classname="simulator.tests.test_intelligence" name="test_generate_recommendations_capex_upgrade" time="0.000" /><testcase classname="simulator.tests.test_knowledge_base" name="test_action_evaluation_session_flow" time="0.000" /><testcase classname="simulator.tests.test_knowledge_base" name="test_knowledge_repository_lifecycle" time="0.003" /><testcase classname="simulator.tests.test_physics" name="test_temp_rises_with_full_room" time="0.000" /><testcase classname="simulator.tests.test_physics" name="test_temp_rises_faster_with_30_people" time="0.000" /><testcase classname="simulator.tests.test_physics" name="test_temp_drops_with_ac_full_power" time="0.000" /><testcase classname="simulator.tests.test_physics" name="test_ac_half_power_cools_slower" time="0.000" /><testcase classname="simulator.tests.test_physics" name="test_ac_zero_power_no_cooling" time="0.000" /><testcase classname="simulator.tests.test_physics" name="test_hvac_flag_changes_direction_immediately" time="0.000" /><testcase classname="simulator.tests.test_physics" name="test_humidity_rises_with_people_and_clamps" time="0.000" /><testcase classname="simulator.tests.test_physics" name="test_humidity_ac_dries_proportional_to_power" time="0.000" /><testcase classname="simulator.tests.test_physics" name="test_occupancy_random_walk_stays_in_bounds" time="0.001" /><testcase classname="simulator.tests.test_physics" name="test_occupancy_high_count_wider_walk" time="0.000" /><testcase classname="simulator.tests.test_physics" name="test_clamp" time="0.000" /><testcase classname="simulator.tests.test_physics" name="test_auto_off_when_room_empty" time="0.000" /><testcase classname="simulator.tests.test_physics" name="test_auto_engages_when_warm_and_occupied" time="0.000" /><testcase classname="simulator.tests.test_physics" name="test_auto_stays_on_while_occupied_at_target" time="0.000" /><testcase classname="simulator.tests.test_physics" name="test_auto_stays_off_when_occupied_but_cool" time="0.000" /><testcase classname="simulator.tests.test_pid_controller" name="test_output_clamped_to_unit_range" time="0.000" /><testcase classname="simulator.tests.test_pid_controller" name="test_positive_error_increases_output" time="0.000" /><testcase classname="simulator.tests.test_pid_controller" name="test_negative_error_zero_output" time="0.000" /><testcase classname="simulator.tests.test_pid_controller" name="test_output_proportional_to_error" time="0.000" /><testcase classname="simulator.tests.test_pid_controller" name="test_reset_clears_state" time="0.000" /><testcase classname="simulator.tests.test_pid_controller" name="test_integral_anti_windup" time="0.001" /><testcase classname="simulator.tests.test_pid_controller" name="test_zero_dt_no_crash" time="0.001" /><testcase classname="simulator.tests.test_pid_controller" name="test_actuator_feedback_reduces_integral_under_shared_capacity_limit" time="0.000" /><testcase classname="simulator.tests.test_pid_controller" name="test_actuator_feedback_ignores_full_delivery" time="0.000" /><testcase classname="simulator.tests.test_pid_controller" name="test_steady_state_at_setpoint" time="0.000" /><testcase classname="simulator.tests.test_publisher" name="test_make_payload_matches_spec_format" time="0.000" /><testcase classname="simulator.tests.test_publisher" name="test_make_payload_default_timestamp_is_utc_iso_z" time="0.000" /><testcase classname="simulator.tests.test_publisher" name="test_hvac_command_on_off" time="0.000" /><testcase classname="simulator.tests.test_publisher" name="test_occupancy_override_range_checked" time="0.000" /><testcase classname="simulator.tests.test_publisher" name="test_malformed_command_is_ignored" time="0.000" /><testcase classname="simulator.tests.test_publisher" name="test_non_object_json_command_is_ignored" time="0.000" /><testcase classname="simulator.tests.test_publisher" name="test_occupancy_bool_value_is_rejected" time="0.001" /><testcase classname="simulator.tests.test_publisher" name="test_setpoint_command" time="0.000" /><testcase classname="simulator.tests.test_publisher" name="test_setpoint_command_out_of_range_rejected" time="0.000" /><testcase classname="simulator.tests.test_publisher" name="test_setpoint_bool_rejected" time="0.000" /><testcase classname="simulator.tests.test_publisher" name="test_timescale_command" time="0.000" /><testcase classname="simulator.tests.test_publisher" name="test_timescale_invalid_value_rejected" time="0.000" /><testcase classname="simulator.tests.test_publisher" name="test_timescale_bool_rejected" time="0.000" /><testcase classname="simulator.tests.test_publisher" name="test_mode_command_auto_and_manual" time="0.001" /><testcase classname="simulator.tests.test_publisher" name="test_mode_command_invalid_rejected" time="0.001" /><testcase classname="simulator.tests.test_publisher" name="test_simulator_subscribes_to_scenario_command" time="0.009" /><testcase classname="simulator.tests.test_publisher" name="test_queued_scenario_is_applied_with_correlated_non_retained_result" time="0.004" /><testcase classname="simulator.tests.test_publisher" name="test_scenario_and_presentation_state_are_retained_and_coherent" time="0.033" /><testcase classname="simulator.tests.test_publisher" name="test_abstained_risk_is_published_explicitly_without_a_numeric_score" time="0.040" /><testcase classname="simulator.tests.test_publisher" name="test_duplicate_command_id_is_replayed_before_mutation" time="0.026" /><testcase classname="simulator.tests.test_publisher" name="test_reused_command_id_with_different_request_is_rejected_without_mutation" time="0.007" /><testcase classname="simulator.tests.test_publisher" name="test_retained_command_is_rejected_before_queue_or_mutation" time="0.007" /><testcase classname="simulator.tests.test_publisher" name="test_configured_audit_journal_records_sanitized_request_and_result" time="0.012" /><testcase classname="simulator.tests.test_publisher" name="test_audit_write_failure_is_visible_in_published_result" time="0.006" /><testcase classname="simulator.tests.test_publisher" name="test_process_once_is_a_finite_iteration_seam" time="0.036" /><testcase classname="simulator.tests.test_publisher" name="test_intelligence_and_knowledge_streams_are_published" time="0.024" /><testcase classname="simulator.tests.test_publisher" name="test_action_and_knowledge_commands_routed_via_publisher" time="0.020" /></testsuite></testsuites>